make.exe all --print-data-base --no-builtin-variables --no-builtin-rules --question
# GNU Make 3.81
# Copyright (C) 2006  Free Software Foundation, Inc.
# This is free software; see the source for copying conditions.
# There is NO warranty; not even for MERCHANTABILITY or FITNESS FOR A
# PARTICULAR PURPOSE.

# This program built for i386-pc-mingw32
 

# Make data base, printed on Sat Jul 30 12:34:37 2022

# Variables

# automatic
<D = $(patsubst %/,%,$(dir $<))
# automatic
?F = $(notdir $?)
# makefile
MAKEFLAGS = Rrqp
# automatic
?D = $(patsubst %/,%,$(dir $?))
# automatic
@D = $(patsubst %/,%,$(dir $@))
# environment
HOMEDRIVE = C:
# automatic
@F = $(notdir $@)
# automatic
^D = $(patsubst %/,%,$(dir $^))
# makefile
CURDIR := e:/projects/discord.c
# default
SHELL := sh.exe
# environment
WINDIR = C:\WINDOWS
# environment
VSCODE_NLS_CONFIG = {"locale":"en-us","availableLanguages":{},"_languagePackSupport":true}
# makefile (from `makefile', line 4)
CFLAGS = -Wall -lws2_32 -lWinhttp
# environment
NVM_HOME = C:\Users\wilku_3uthahs\AppData\Roaming\nvm
# environment
~ = C:\Users\wilku_3uthahs
# environment
WALLABY_PRODUCTION = true
# environment
PATHEXT = .COM;.EXE;.BAT;.CMD;.VBS;.VBE;.JS;.JSE;.WSF;.WSH;.MSC
# makefile (from `makefile', line 1)
MAKEFILE_LIST :=  makefile
# environment
MINECRAFT = C:\Users\wilku_3uthahs\AppData\Roaming\.minecraft
# environment
FP 
S_BROWSER_USER_PROFILE_STRING = Default
# environment
TMP = C:\PROGRA~3\Temp
# environment
PROGRAMW6432 = C:\Program Files
# environment
NVM_SYMLINK = C:\Program Files\nodejs
# environment
PROGRAMDATA = C:\ProgramData
# environment
VSCODE_CWD = C:\WINDOWS\system32
# environment
PATH = C:\Program Files\Microsoft\jdk-11.0.12.7-hotspot\bin;C:\VulkanSDK\1.3.211.0\Bin;C:\Program Files (x86)\VMware\VMware Player\bin\;C:\Program Files\ImageMagick-7.1.0-Q16-HDRI;C:\Python310\Scripts\;C:\Python310\;C:\Program Files\ImageMagick-6.9.12-Q8;C:\Program Files\Microsoft\jdk-17.0.0.35-hotspot\bin;C:\Program Files\Common Files\Oracle\Java\javapath;C:\Program Files (x86)\Common Files\Oracle\Java\javapath;C:\Windows\system32;C:\Windows;C:\Windows\System32\Wbem;C:\Windows\System32\WindowsPowerShell\v1.0\;C:\Windows\System32\OpenSSH\;C:\Program Files (x86)\NVIDIA Corporation\PhysX\Common;C:\Program Files (x86)\IVI Foundation\VISA\WinNT\Bin;C:\Program Files\NVIDIA Corporation\NVIDIA NvDLISR;C:\Program Files\dotnet\;C:\WINDOWS\system32;C:\WINDOWS;C:\WINDOWS\System32\Wbem;C:\WINDOWS\System32\WindowsPowerShell\v1.0\;C:\WINDOWS\System32\OpenSSH\;C:\Program Files\Dart\dart-sdk\bin;C:\Program Files\Microsoft SQL Server\130\Tools\Binn\;C:\Program Files (x86)\Windows Kits\10\Windows Performance Toolkit\;C:\Program Files (x86)\Windows Kits\10\Microsoft Application Virtualization\Sequencer\;C:\Program Files\Microsoft SQL S;C:\Program Files\Docker\Docker\resources\bin;C:\ProgramData\DockerDesktop\version-bin;C:\Program Files\Git\cmd;C:\tools\php81;C:\Program Files\Microsoft\jdk-17.0.0.35-hotspot\bin;C:\Program Files\Common Files\Oracle\Java\javapath;C:\Windows\system32;C:\Windows;C:\Windows\System32\Wbem;C:\Windows\System32\WindowsPowerShell\v1.0\;C:\Windows\System32\OpenSSH\;C:\Program Files (x86)\NVIDIA Corporation\PhysX\Common;C:\Program Files (x86)\IVI Foundation\VISA\WinNT\Bin;C:\Program Files\NVIDIA Corporation\NVIDIA NvDLISR;C:\Program Files\dotnet\;C:\WINDOWS\system32;C:\WINDOWS;C:\WINDOWS\System32\Wbem;C:\WINDOWS\System32\WindowsPowerShell\v1.0\;C:\WINDOWS\System32\OpenSSH\;C:\Program Files\Dart\dart-sdk\bin;C:\Program Files\Microsoft SQL Server\130\Tools\Binn\;C:\Program Files (x86)\Windows Kits\10\Windows Performance Toolkit\;C:\Program Files (x86)\Windows Kits\10\Microsoft Application Virtualization\Sequencer\;C:\Program Files\Microsoft SQL Server\Client SDK\ODBC\170\Tools\Binn\;C:\Program Files\Microsoft SQL S;C:\Program Files\Docker\Docker\resources\bin;C:\ProgramData\DockerDesktop\version-bin;C:\Program Files (x86)\dotnet\;C:\Program Files\Git\cmd;C:\Program Files\CMake\bin;C:\tools\php81;C:\ProgramData\ComposerSetup\bin;C:\HashiCorp\Vagrant\bin;C:\Program Files\NVIDIA Corporation\Nsight Compute 2022.2.0\;C:\Users\wilku_3uthahs\scoop\shims;C:\Users\wilku_3uthahs\AppData\Local\Programs\oh-my-posh\bin;C:\Users\wilku_3uthahs\AppData\Local\Programs\Microsoft VS Code Insiders\bin;C:\Program Files\nodejs;C:\Users\wilku_3uthahs\AppData\Local\Microsoft\WindowsApps\Microsoft.DesktopAppInstaller_8wekyb3d8bbwe;C:\program_files\TDM-GCC-64\bin;C:\Users\wilku_3uthahs\AppData\Local\bin\NASM;C:\Program Files (x86)\GnuWin32\bin;C:\Users\wilku_3uthahs\spicetify-cli;C:\ProgramData\chocolatey;C:\ProgramData\chocolatey\lib\Wget\tools;E:\projects\YeetLangv2\YeetLangv2\bin\Debug\net6.0-windows;C:\Users\wilku_3uthahs\nvm-cli;C:\Users\wilku_3uthahs\.dotnet\tools;E:\scripts;C:\Program Files (x86)\EaseUS\Todo Backup\bin\x64\
# environment
COMMONPROGRAMW6432 = C:\Program Files\Common Files
# environment
CHOCOLATEYLASTPATHUPDATE = 132973752024200930
# environment
PROCESSOR_ARCHITECTURE = x86
# environment
PROJECT = C:\Users\wilku_3uthahs\source\repos
# environment
ONEDRIVE = C:\Users\wilku_3uthahs\OneDrive
# environment
USERPROFILE = C:\Users\wilku_3uthahs
# environment
CHOCOLATEYINSTALL = C:\ProgramData\chocolatey
# environment
ALLUSERSPROFILE = C:\ProgramData
# environment
NUMBER_OF_PROCESSORS = 8
# environment
ELECTRON_RUN_AS_NODE = 1
# default
.FEATURES := target-specific order-only second-expansion else-if archives
# environment
VK_SDK_PATH = C:\VulkanSDK\1.3.211 
.0
# automatic
%F = $(notdir $%)
# environment
POSH_THEMES_PATH = C:\Users\wilku_3uthahs\AppData\Local\Programs\oh-my-posh\themes
# environment
CHROME_CRASHPAD_PIPE_NAME = \\.\pipe\crashpad_9288_POGZBRNNSBNJPIQD
# environment
COMPUTERNAME = TYMIANEK
# environment
PROGRAMFILES = C:\Program Files (x86)
# environment
DRIVERDATA = C:\Windows\System32\Drivers\DriverData
# environment
ORIGINAL_XDG_CURRENT_DESKTOP = undefined
# environment
USERNAME = wilku_3uthahs
# environment
PUBLIC = C:\Users\Public
# environment
VSCODE_AMD_ENTRYPOINT = vs/workbench/api/node/extensionHostProcess
# environment
CHOCOLATEYTOOLSLOCATION = C:\tools
# environment
VSCODE_CODE_CACHE_PATH = C:\Users\wilku_3uthahs\AppData\Roaming\Code - Insiders\CachedData\b4d5b4ed69af953901051b1f049851b9dca3563e
# environment
APPLICATION_INSIGHTS_NO_DIAGNOSTIC_CHANNEL = 1
# environment
COMMONPROGRAMFILES = C:\Program Files (x86)\Common Files
# environment
LOGONSERVER = \\TYMIANEK
# environment
VSCODE_HANDLES_UNCAUGHT_ERRORS = true
# environment
USERDOMAIN 
 = TYMIANEK
# environment
MYSQL_DB_LOGIN = api_user
# default
MAKE = $(MAKE_COMMAND)
# default
MAKECMDGOALS := all
# makefile (from `makefile', line 3)
CC = gcc
# environment
MYSQL_DB_PASS = _g6VIO@aBW2Lz6sH
# environment
JAVA_HOME = C:\Program Files\Microsoft\jdk-17.0.0.35-hotspot
# default
MAKE_VERSION := 3.81
# makefile
.DEFAULT_GOAL := all
# environment
PROGRAMFILES(X86) = C:\Program Files (x86)
# automatic
%D = $(patsubst %/,%,$(dir $%))
# makefile (from `makefile', line 21)
EXAMPLE_FOLDER = example
#  
environment
LOCALAPPDATA = C:\Users\wilku_3uthahs\AppData\Local
# environment
PSMODULEPATH = C:\Users\wilku_3uthahs\Documents\WindowsPowerShell\Modules;
# default
MAKE_COMMAND := make.exe
# environment
PROCESSOR_ARCHITEW6432 = AMD64
# environment
VMS = C:\Users\wilku_3uthahs\vmware
# default
.VARIABLES := 
# automatic
*F = $(notdir $*)
# environment
PROCESSOR_IDENTIFIER = Intel64 Family 6 Model 165 Stepping 3, GenuineIntel
# environment
OS = Windows_NT
# environment
VSCODE_IPC_HOOK = \\.\pipe\a6bf61fa1ad91422e9df89df380a14ca-1.70.0-insider-main-sock
# environment
HOMEPATH = \Users\wilku_3uthahs
# environment
COMMONPROGRAMFILES(X86) = C:\Program Files (x86)\Common Files
# environment
PROMPT = $P$G
# environment
MFLAGS = -Rrqp
# automatic
*D = $(patsubst %/,%,$(dir $*))
# makefile (from `makefile', line 9)
HEADER_FILES = $(wildcard $(SRC_DIR)/*.h) $(wildcard $(SRC_DIR)/**/*.h)
# makefile (from `makefile', line 12)
OUT_FILES = $(SRC_FILES:%.c=%.o)
# environment
SYSTEMROOT = C:\WINDOWS
# automatic
+D = $(patsubst 
 %/,%,$(dir $+))
# automatic
+F = $(notdir $+)
# environment
APPDATA = C:\Users\wilku_3uthahs\AppData\Roaming
# environment
VXIPNPPATH = C:\Program Files (x86)\IVI Foundation\VISA\
# environment
TEMP = C:\PROGRA~3\Temp
# environment
DART_SDK = C:\Program Files\Dart\dart-sdk
# environment
COMSPEC = C:\WINDOWS\system32\cmd.exe
# default
MAKEFILES := 
# makefile (from `makefile', line 22)
EXAMPLE_FILES = $(wildcard $(EXAMPLE_FOLDER)/*.c)
# makefile (from `makefile', line 1)
SRC_DIR = discord\src
# automatic
<F 
 = $(notdir $<)
# environment
VS160COMCOMNTOOLS = C:\Program Files (x86)\Microsoft Visual Studio\2019\Community\Common7\Tools\
# environment
DXSDK_DIR = C:\Program Files (x86)\Microsoft DirectX SDK (June 2010)\
# environment
CLINK_DIR = C:\Program Files (x86)\clink\1.3.3.d46fcb
# environment
LC_ALL = C
# automatic
^F = $(notdir $^)
# makefile (from `makefile', line 6)
SRC_FILES = $(wildcard $(SRC_DIR)/*.c) $(wildcard $(SRC_DIR)/**/*.c)
# default
SUFFIXES := 
# environment
SYSTEMDRIVE = C:
# environment
SESS 
IONNAME = Console
# environment
PROCESSOR_REVISION = a503
# environment
MAKELEVEL := 0
# environment
VULKAN_SDK = C:\VulkanSDK\1.3.211.0
# environment
LANG = C
# environment
PROCESSOR_LEVEL = 6
# environment
FPS_BROWSER_APP_PROFILE_STRING = Internet Explorer
# environment
VSCODE_PID = 9288
# environment
USERDOMAIN_ROAMINGPROFILE = TYMIANEK
# variable set hash-table stats:
# Load=112/1024=11%, Rehash=0, Collisions=14/147=10%

# Pattern-specific Variable Values

# No pattern-specific variable values.

# Direc 
tories

# C:\Program Files\Common Files\Oracle\Java\javapath: could not be stat'd.
# C:\Program Files (x86)\EaseUS\Todo Backup\bin\x64\ (key C:/Program Files (x86)/EaseUS/Todo Backup/bin/x64/, mtime 1638614755): 57 files, no impossibilities.
# C:\Program Files\Docker\Docker\resources\bin (key C:/Program Files/Docker/Docker/resources/bin, mtime 1646478194): 13 files, no impossibilities.
# C:\Program Files\ImageMagick-7.1.0-Q16-HDRI: could not be stat'd.
# C:\Program Files\Microsoft\jdk-17.0.0.35-hotspot\bin  
(key C:/Program Files/Microsoft/jdk-17.0.0.35-hotspot/bin, mtime 1634658010): 123 files, no impossibilities.
# C:\Users\wilku_3uthahs\nvm-cli (key C:/Users/wilku_3uthahs/nvm-cli, mtime 1655134851): 8 files, no impossibilities.
# C:\Users\wilku_3uthahs\AppData\Local\Microsoft\WindowsApps\Microsoft.DesktopAppInstaller_8wekyb3d8bbwe (key C:/Users/wilku_3uthahs/AppData/Local/Microsoft/WindowsApps/Microsoft.DesktopAppInstaller_8wekyb3d8bbwe, mtime 1658831836): 5 files, no impossibilities.
# C:\Program Files\Micr 
osoft\jdk-11.0.12.7-hotspot\bin (key C:/Program Files/Microsoft/jdk-11.0.12.7-hotspot/bin, mtime 1656582139): 127 files, no impossibilities.
# C:\Users\wilku_3uthahs\spicetify-cli (key C:/Users/wilku_3uthahs/spicetify-cli, mtime 1651760608): 9 files, no impossibilities.
# C:\Windows\System32\WindowsPowerShell\v1.0\ (key C:/Windows/System32/WindowsPowerShell/v1.0/, mtime 1640426350): 36 files, no impossibilities.
# C:\Windows\System32\Wbem (key C:/Windows/System32/Wbem, mtime 1658919462): 177 files, no impos 
sibilities.
# . (key e:/projects/discord.c, mtime 1659177275): 10 files, no impossibilities.
# discord\src/http.c (key e:/projects/discord.c/discord/src/http.c, mtime 1659172111): could not be opened.
# C:\Program Files (x86)\NVIDIA Corporation\PhysX\Common (key C:/Program Files (x86)/NVIDIA Corporation/PhysX/Common, mtime 1579860790): 10 files, no impossibilities.
# discord\src/main.h (key e:/projects/discord.c/discord/src/main.h, mtime 1655633030): could not be opened.
# discord\src/request.h (key e:/projects/discord.c/discord/src/request.h, mtime 1655633724): could not be opened.
# discord\src/main.o (key e:/projects/discord.c/discord/src/main.o, mtime 1659177254): could not be opened.
# discord\src/request.o (key e:/projects/discord.c/discord/src/request.o, mtime 1659168229): could not be opened.
# C:\Program Files\dotnet\ (key C:/Program Files/dotnet/, mtime 1658907995): 15 files, no impossibilities.
# discord\src/web (key e:/projects/discord.c/discord/src/web, mtime 1659177274): 5 files, no impossibilit 
ies.
# C:\Python310\: could not be stat'd.
# C:\Users\wilku_3uthahs\AppData\Local\Programs\oh-my-posh\bin (key C:/Users/wilku_3uthahs/AppData/Local/Programs/oh-my-posh/bin, mtime 1648657847): 3 files, no impossibilities.
# C:\ProgramData\chocolatey\lib\Wget\tools (key C:/ProgramData/chocolatey/lib/Wget/tools, mtime 1653050463): 7 files, no impossibilities.
# C:\Program Files\NVIDIA Corporation\Nsight Compute 2022.2.0\: could not be stat'd.
# discord\src (key e:/projects/discord.c/discord/src, mtime 16591772 
54): 12 files, no impossibilities.
# C:\Python310\Scripts\: could not be stat'd.
# C:\Program Files\nodejs (key C:/Program Files/nodejs, mtime 1655534933): 71 files, no impossibilities.
# C:\Users\wilku_3uthahs\scoop\shims (key C:/Users/wilku_3uthahs/scoop/shims, mtime 1653211602): 7 files, no impossibilities.
# C:\Program Files\Dart\dart-sdk\bin: could not be stat'd.
# C:\Program Files\Microsoft SQL S: could not be stat'd.
# C:\Windows\System32\OpenSSH\: could not be stat'd.
# C:\ProgramData\ComposerSetup\bin: could not be stat'd.
# C:\Program Files (x86)\Common Files\Oracle\Java\javapath (key C:/Program Files (x86)/Common Files/Oracle/Java/javapath, mtime 1634736171): 5 files, no impossibilities.
# E:\scripts (key E:/scripts, mtime 1658743719): 3 files, no impossibilities.
# C:\Program Files (x86)\Windows Kits\10\Microsoft Application Virtualization\Sequencer\ (key C:/Program Files (x86)/Windows Kits/10/Microsoft Application Virtualization/Sequencer/, mtime 1633459959): 70 files, no impossibilities.
# C:\to 
ols\php81: could not be stat'd.
# C:\Program Files\Microsoft SQL Server\130\Tools\Binn\ (key C:/Program Files/Microsoft SQL Server/130/Tools/Binn/, mtime 1605203608): 4 files, no impossibilities.
# C:\Windows (key C:/Windows, mtime 1650270590): 138 files, no impossibilities.
# discord\src/http.h (key e:/projects/discord.c/discord/src/http.h, mtime 1659169800): could not be opened.
# C:\Program Files\Microsoft SQL Server\Client SDK\ODBC\170\Tools\Binn\: could not be stat'd.
# discord\src/http.o (key e:/projects/discord.c/discord/src/http.o, mtime 1659172120): could not be opened.
# E:\projects\YeetLangv2\YeetLangv2\bin\Debug\net6.0-windows (key E:/projects/YeetLangv2/YeetLangv2/bin/Debug/net6.0-windows, mtime 1653405234): 15 files, no impossibilities.
# discord\src/main.c (key e:/projects/discord.c/discord/src/main.c, mtime 1659177249): could not be opened.
# discord\src/request.c (key e:/projects/discord.c/discord/src/request.c, mtime 1659168227): could not be opened.
# C:\Users\wilku_3uthahs\AppData\Local\bi 
n\NASM (key C:/Users/wilku_3uthahs/AppData/Local/bin/NASM, mtime 1617880021): 18 files, no impossibilities.
# C:\Program Files (x86)\Windows Kits\10\Windows Performance Toolkit\ (key C:/Program Files (x86)/Windows Kits/10/Windows Performance Toolkit/, mtime 1633459954): 403 files, no impossibilities.
# C:\Program Files (x86)\dotnet\ (key C:/Program Files (x86)/dotnet/, mtime 1658908030): 9 files, no impossibilities.
# C:\ProgramData\chocolatey (key C:/ProgramData/chocolatey, mtime 1635445682): 16 files, no  
impossibilities.
# C:\ProgramData\DockerDesktop\version-bin: could not be stat'd.
# C:\Program Files (x86)\IVI Foundation\VISA\WinNT\Bin (key C:/Program Files (x86)/IVI Foundation/VISA/WinNT/Bin, mtime 1582909488): 5 files, no impossibilities.
# C:\program_files\TDM-GCC-64\bin (key C:/program_files/TDM-GCC-64/bin, mtime 1633633174): 61 files, no impossibilities.
# C:\Program Files\Git\cmd (key C:/Program Files/Git/cmd, mtime 1652010199): 8 files, no impossibilities.
# C:\Windows\system32 (key C:/Windows/sys 
tem32, mtime 1658993791): 3194 files, no impossibilities.
# C:\Users\wilku_3uthahs\.dotnet\tools (key C:/Users/wilku_3uthahs/.dotnet/tools, mtime 1658668858): 4 files, no impossibilities.
# C:\Program Files (x86)\VMware\VMware Player\bin\ (key C:/Program Files (x86)/VMware/VMware Player/bin/, mtime 1648545489): 4 files, no impossibilities.
# C:\Program Files\CMake\bin: could not be stat'd.
# C:\VulkanSDK\1.3.211.0\Bin: could not be stat'd.
# C:\Users\wilku_3uthahs\AppData\Local\Programs\Microsoft VS Code In 
siders\bin (key C:/Users/wilku_3uthahs/AppData/Local/Programs/Microsoft VS Code Insiders/bin, mtime 1658999231): 4 files, no impossibilities.
# C:\HashiCorp\Vagrant\bin: could not be stat'd.
# C:\Program Files\NVIDIA Corporation\NVIDIA NvDLISR (key C:/Program Files/NVIDIA Corporation/NVIDIA NvDLISR, mtime 1591858073): 5 files, no impossibilities.
# C:\Program Files (x86)\GnuWin32\bin (key C:/Program Files (x86)/GnuWin32/bin, mtime 1653051052): 8 files, no impossibilities.
# C:\Program Files\ImageMagick-6.9. 
12-Q8: could not be stat'd.

# 4669 files, no impossibilities in 62 directories.

# Implicit Rules

%.o: %.c
#  commands to execute (from `makefile', line 16):
	$(CC) -c -o $@ $< $(CFLAGS)
	

# 1 implicit rules, 0 (0.0%) terminal.

# Files

example: all
#  Implicit rule search has not been done.
#  Modification time never checked.
#  File has not been updated.
#  commands to execute (from `makefile', line 26):
	$(CC) -o example.exe $(EXAMPLE_FILES) -L. -ldiscord
	cls
	example.exe
	

all: discord\src/http.o  
discord\src/main.o discord\src/request.o discord\src/web/sockets.o discord\src/http.h discord\src/main.h discord\src/request.h discord\src/web/sockets.h
#  Command-line target.
#  Implicit rule search has not been done.
#  Implicit/static pattern stem: `'
#  File does not exist.
#  File has been updated.
#  Needs to be updated (-q is set).
# automatic
# @ := all
# automatic
# % := 
# automatic
# * := 
# automatic
# + := discord\src/http.o discord\src/main.o discord\src/request.o discord\src/web/sockets.o discord\src/http.h discord\src/main.h discord\src/request.h discord\src/web/sockets.h
# automatic
# | := 
# automatic
# < := discord\src/http.o
# automatic
# ^ := discord\src/http.o discord\src/main.o discord\src/request.o discord\src/web/sockets.o discord\src/http.h discord\src/main.h discord\src/request.h discord\src/web/sockets.h
# automatic
# ? := discord\src/http.o discord\src/main.o discord\src/request.o discord\src/web/sockets.o discord\src/http.h discord\src/main.h discord\src/request.h discord\src/we 
b/sockets.h
# variable set hash-table stats:
# Load=8/32=25%, Rehash=0, Collisions=2/16=13%
#  commands to execute (from `makefile', line 19):
	$(CC) -shared -o discord.dll $(OUT_FILES) $(CFLAGS)
	

discord\src/web/sockets.o: discord\src/web/sockets.c
#  Implicit rule search has been done.
#  Implicit/static pattern stem: `discord\src/web/sockets'
#  Last modified 2022-07-30 12:34:34
#  File has been updated.
#  Successfully updated.
# variable set hash-table stats:
# Load=0/32=0%, Rehash=0, Collisions=0/0= 
0%
#  commands to execute (from `makefile', line 16):
	$(CC) -c -o $@ $< $(CFLAGS)
	

# Not a target:
discord\src/main.c:
#  Implicit rule search has been done.
#  Last modified 2022-07-30 12:34:09
#  File has been updated.
#  Successfully updated.
# variable set hash-table stats:
# Load=0/32=0%, Rehash=0, Collisions=0/0=0%

# Not a target:
discord\src/request.c:
#  Implicit rule search has been done.
#  Last modified 2022-07-30 10:03:47
#  File has been updated.
#  Successfully updated.
# variable set hash 
-table stats:
# Load=0/32=0%, Rehash=0, Collisions=0/0=0%

# Not a target:
.DEFAULT:
#  Implicit rule search has not been done.
#  Modification time never checked.
#  File has not been updated.

# Not a target:
discord\src/main.h:
#  Implicit rule search has been done.
#  Last modified 2022-06-19 12:03:50
#  File has been updated.
#  Successfully updated.
# variable set hash-table stats:
# Load=0/32=0%, Rehash=0, Collisions=0/0=0%

# Not a target:
discord\src/request.h:
#  Implicit rule search has been done 
.
#  Last modified 2022-06-19 12:15:24
#  File has been updated.
#  Successfully updated.
# variable set hash-table stats:
# Load=0/32=0%, Rehash=0, Collisions=0/0=0%

# Not a target:
makefile:
#  Implicit rule search has been done.
#  Last modified 2022-07-30 12:34:33
#  File has been updated.
#  Successfully updated.
# variable set hash-table stats:
# Load=0/32=0%, Rehash=0, Collisions=0/0=0%

discord\src/http.o: discord\src/http.c
#  Implicit rule search has been done.
#  Implicit/static pattern stem: `d 
iscord\src/http'
#  Last modified 2022-07-30 11:08:40
#  File has been updated.
#  Successfully updated.
# variable set hash-table stats:
# Load=0/32=0%, Rehash=0, Collisions=0/0=0%
#  commands to execute (from `makefile', line 16):
	$(CC) -c -o $@ $< $(CFLAGS)
	

# Not a target:
discord\src/web/sockets.c:
#  Implicit rule search has been done.
#  Last modified 2022-07-30 12:32:50
#  File has been updated.
#  Successfully updated.
# variable set hash-table stats:
# Load=0/32=0%, Rehash=0, Collisions=0/0=0%
 

# Not a target:
.SUFFIXES:
#  Implicit rule search has not been done.
#  Modification time never checked.
#  File has not been updated.

# Not a target:
discord\src/web/sockets.h:
#  Implicit rule search has been done.
#  Last modified 2022-07-30 12:30:10
#  File has been updated.
#  Successfully updated.
# variable set hash-table stats:
# Load=0/32=0%, Rehash=0, Collisions=0/0=0%

# Not a target:
discord\src/http.c:
#  Implicit rule search has been done.
#  Last modified 2022-07-30 11:08:31
#  File has be 
en updated.
#  Successfully updated.
# variable set hash-table stats:
# Load=0/32=0%, Rehash=0, Collisions=0/0=0%

discord\src/main.o: discord\src/main.c
#  Implicit rule search has been done.
#  Implicit/static pattern stem: `discord\src/main'
#  Last modified 2022-07-30 12:34:14
#  File has been updated.
#  Successfully updated.
# variable set hash-table stats:
# Load=0/32=0%, Rehash=0, Collisions=0/0=0%
#  commands to execute (from `makefile', line 16):
	$(CC) -c -o $@ $< $(CFLAGS)
	

discord\src/request 
.o: discord\src/request.c
#  Implicit rule search has been done.
#  Implicit/static pattern stem: `discord\src/request'
#  Last modified 2022-07-30 10:03:49
#  File has been updated.
#  Successfully updated.
# variable set hash-table stats:
# Load=0/32=0%, Rehash=0, Collisions=0/0=0%
#  commands to execute (from `makefile', line 16):
	$(CC) -c -o $@ $< $(CFLAGS)
	

# Not a target:
discord\src/http.h:
#  Implicit rule search has been done.
#  Last modified 2022-07-30 10:30:00
#  File has been updated.
#  Successfully updated.
# variable set hash-table stats:
# Load=0/32=0%, Rehash=0, Collisions=0/0=0%

# files hash-table stats:
# Load=17/1024=2%, Rehash=0, Collisions=0/51=0%
# VPATH Search Paths

# No `vpath' search paths.

# No general (`VPATH' variable) search path.

# # of strings in strcache: 1
# # of strcache buffers: 1
# strcache size: total = 4096 / max = 4096 / min = 4096 / avg = 4096
# strcache free: total = 4087 / max = 4087 / min = 4087 / avg = 4087

# Finished Make data base on Sat Jul 30 12:34:37  
2022

 
